android/app/build/intermediates/manifest_merge_blame_file/debug/manifest-merger-blame-debug-report.txt
1<?xml version="1.0" encoding="utf-8"?>
2<manifest xmlns:android="http://schemas.android.com/apk/res/android"
3    package="com.example.kinujo"
4    android:versionCode="1"
5    android:versionName="1.0.0" >
6
7    <uses-sdk
8        android:minSdkVersion="21"
9        android:targetSdkVersion="29" />
10
11    <uses-permission android:name="android.permission.SYSTEM_ALERT_WINDOW" />
11-->src/main/AndroidManifest.xml:3:3-75
11-->src/main/AndroidManifest.xml:3:20-73
12    <uses-permission android:name="android.permission.INTERNET" />
12-->src/main/AndroidManifest.xml:2:3-64
12-->src/main/AndroidManifest.xml:2:20-62
13    <uses-permission android:name="android.permission.READ_PHONE_STATE" />
13-->src/main/AndroidManifest.xml:4:3-72
13-->src/main/AndroidManifest.xml:4:20-70
14    <uses-permission android:name="android.permission.USE_FINGERPRINT" />
14-->src/main/AndroidManifest.xml:5:3-71
14-->src/main/AndroidManifest.xml:5:20-69
15    <uses-permission android:name="android.permission.USE_BIOMETRIC" />
15-->src/main/AndroidManifest.xml:6:3-69
15-->src/main/AndroidManifest.xml:6:20-67
16    <uses-permission android:name="android.permission.VIBRATE" />
16-->src/main/AndroidManifest.xml:7:3-63
16-->src/main/AndroidManifest.xml:7:20-61
17    <uses-permission android:name="android.permission.MODIFY_AUDIO_SETTINGS" />
17-->src/main/AndroidManifest.xml:8:3-77
17-->src/main/AndroidManifest.xml:8:20-75
18    <uses-permission android:name="android.permission.ACCESS_COARSE_LOCATION" />
18-->src/main/AndroidManifest.xml:9:3-78
18-->src/main/AndroidManifest.xml:9:20-76
19    <uses-permission android:name="android.permission.ACCESS_FINE_LOCATION" />
19-->src/main/AndroidManifest.xml:10:3-76
19-->src/main/AndroidManifest.xml:10:20-74
20    <uses-permission android:name="android.permission.ACCESS_BACKGROUND_LOCATION" />
20-->src/main/AndroidManifest.xml:11:3-82
20-->src/main/AndroidManifest.xml:11:20-80
21    <uses-permission android:name="android.permission.CAMERA" />
21-->src/main/AndroidManifest.xml:12:3-62
21-->src/main/AndroidManifest.xml:12:20-60
22    <uses-permission android:name="android.permission.RECORD_AUDIO" />
22-->src/main/AndroidManifest.xml:13:3-68
22-->src/main/AndroidManifest.xml:13:20-66
23    <uses-permission android:name="android.permission.READ_CONTACTS" />
23-->src/main/AndroidManifest.xml:14:3-69
23-->src/main/AndroidManifest.xml:14:20-67
24    <uses-permission android:name="android.permission.WRITE_CONTACTS" />
24-->src/main/AndroidManifest.xml:15:3-70
24-->src/main/AndroidManifest.xml:15:20-68
25    <uses-permission android:name="android.permission.READ_CALENDAR" />
25-->src/main/AndroidManifest.xml:16:3-69
25-->src/main/AndroidManifest.xml:16:20-67
26    <uses-permission android:name="android.permission.WRITE_CALENDAR" />
26-->src/main/AndroidManifest.xml:17:3-70
26-->src/main/AndroidManifest.xml:17:20-68
27    <uses-permission android:name="android.permission.READ_EXTERNAL_STORAGE" />
27-->src/main/AndroidManifest.xml:18:3-77
27-->src/main/AndroidManifest.xml:18:20-75
28    <uses-permission android:name="android.permission.WRITE_EXTERNAL_STORAGE" />
28-->src/main/AndroidManifest.xml:19:3-78
28-->src/main/AndroidManifest.xml:19:20-76
29    <uses-permission android:name="android.permission.WRITE_SETTINGS" />
29-->src/main/AndroidManifest.xml:20:3-70
29-->src/main/AndroidManifest.xml:20:20-68
30    <uses-permission android:name="android.permission.ACCESS_NETWORK_STATE" />
30-->src/main/AndroidManifest.xml:21:3-76
30-->src/main/AndroidManifest.xml:21:20-74
31    <uses-permission android:name="android.permission.WAKE_LOCK" />
31-->src/main/AndroidManifest.xml:22:3-65
31-->src/main/AndroidManifest.xml:22:20-63
32    <uses-permission android:name="com.google.android.c2dm.permission.RECEIVE" />
32-->src/main/AndroidManifest.xml:23:3-79
32-->src/main/AndroidManifest.xml:23:20-77
33    <uses-permission android:name="android.permission.ACCESS_WIFI_STATE" />
33-->[com.facebook.flipper:flipper:0.54.0] AndroidManifest.xml:16:5-76
33-->[com.facebook.flipper:flipper:0.54.0] AndroidManifest.xml:16:22-73
34
35    <uses-feature
35-->[:react-native-camera] AndroidManifest.xml:11:5-13:36
36        android:name="android.hardware.camera"
36-->[:react-native-camera] AndroidManifest.xml:12:9-47
37        android:required="false" />
37-->[:react-native-camera] AndroidManifest.xml:13:9-33
38    <uses-feature
38-->[:react-native-camera] AndroidManifest.xml:14:5-16:36
39        android:name="android.hardware.camera.autofocus"
39-->[:react-native-camera] AndroidManifest.xml:15:9-57
40        android:required="false" /> <!-- Required to access Google Play Licensing -->
40-->[:react-native-camera] AndroidManifest.xml:16:9-33
41    <uses-permission android:name="com.android.vending.CHECK_LICENSE" />
41-->[:rn-fetch-blob] AndroidManifest.xml:12:5-73
41-->[:rn-fetch-blob] AndroidManifest.xml:12:22-70
42    <uses-permission android:name="android.permission.FOREGROUND_SERVICE" />
42-->[:expo-location] AndroidManifest.xml:14:5-77
42-->[:expo-location] AndroidManifest.xml:14:22-74
43    <uses-permission android:name="com.google.android.finsky.permission.BIND_GET_INSTALL_REFERRER_SERVICE" />
43-->[com.google.android.gms:play-services-measurement:17.4.4] AndroidManifest.xml:26:5-110
43-->[com.google.android.gms:play-services-measurement:17.4.4] AndroidManifest.xml:26:22-107
44    <uses-permission android:name="com.google.android.providers.gsf.permission.READ_GSERVICES" />
44-->[io.nlopez.smartlocation:library:3.2.11] AndroidManifest.xml:15:5-98
44-->[io.nlopez.smartlocation:library:3.2.11] AndroidManifest.xml:15:22-95
45    <uses-permission android:name="com.google.android.gms.permission.ACTIVITY_RECOGNITION" />
45-->[io.nlopez.smartlocation:library:3.2.11] AndroidManifest.xml:16:5-94
45-->[io.nlopez.smartlocation:library:3.2.11] AndroidManifest.xml:16:22-91
46
47    <application
47-->src/main/AndroidManifest.xml:24:3-61:17
48        android:name="com.example.kinujo.MainApplication"
48-->src/main/AndroidManifest.xml:25:5-36
49        android:allowBackup="true"
49-->src/main/AndroidManifest.xml:29:5-31
50        android:appComponentFactory="androidx.core.app.CoreComponentFactory"
50-->[androidx.core:core:1.1.0] AndroidManifest.xml:24:18-86
51        android:debuggable="true"
52        android:icon="@mipmap/ic_launcher"
52-->src/main/AndroidManifest.xml:27:5-39
53        android:label="@string/app_name"
53-->src/main/AndroidManifest.xml:26:5-37
54        android:requestLegacyExternalStorage="true"
54-->src/main/AndroidManifest.xml:31:5-48
55        android:roundIcon="@mipmap/ic_launcher_round"
55-->src/main/AndroidManifest.xml:28:5-50
56        android:supportsRtl="true"
56-->src/main/AndroidManifest.xml:32:5-31
57        android:theme="@style/AppTheme"
57-->src/main/AndroidManifest.xml:30:5-36
58        android:usesCleartextTraffic="true" >
58-->src/main/AndroidManifest.xml:33:5-40
59        <meta-data
59-->src/debug/AndroidManifest.xml:8:7-10:33
60            android:name="com.google.firebase.ml.vision.DEPENDENCIES"
60-->src/debug/AndroidManifest.xml:9:11-68
61            android:value="ocr" />
61-->src/debug/AndroidManifest.xml:10:11-30
62        <meta-data
62-->src/main/AndroidManifest.xml:35:5-122
63            android:name="expo.modules.updates.EXPO_UPDATE_URL"
63-->src/main/AndroidManifest.xml:35:16-67
64            android:value="https://exp.host/@guanchuan93/kinujo" />
64-->src/main/AndroidManifest.xml:35:68-120
65        <meta-data
65-->src/main/AndroidManifest.xml:36:5-93
66            android:name="expo.modules.updates.EXPO_SDK_VERSION"
66-->src/main/AndroidManifest.xml:36:16-68
67            android:value="39.0.0" />
67-->src/main/AndroidManifest.xml:36:69-91
68        <meta-data
68-->src/main/AndroidManifest.xml:37:5-82
69            android:name="expo.modules.updates.ENABLED"
69-->src/main/AndroidManifest.xml:37:16-59
70            android:value="true" />
70-->src/main/AndroidManifest.xml:37:60-80
71        <meta-data
71-->src/main/AndroidManifest.xml:38:5-105
72            android:name="expo.modules.updates.EXPO_UPDATES_CHECK_ON_LAUNCH"
72-->src/main/AndroidManifest.xml:38:16-80
73            android:value="ALWAYS" />
73-->src/main/AndroidManifest.xml:38:81-103
74        <meta-data
74-->src/main/AndroidManifest.xml:39:5-99
75            android:name="expo.modules.updates.EXPO_UPDATES_LAUNCH_WAIT_MS"
75-->src/main/AndroidManifest.xml:39:16-79
76            android:value="0" />
76-->src/main/AndroidManifest.xml:39:80-97
77
78        <activity
78-->src/main/AndroidManifest.xml:40:5-59:16
79            android:name="com.example.kinujo.MainActivity"
79-->src/main/AndroidManifest.xml:41:7-35
80            android:configChanges="keyboard|keyboardHidden|orientation|screenSize|uiMode"
80-->src/main/AndroidManifest.xml:43:7-84
81            android:label="@string/app_name"
81-->src/main/AndroidManifest.xml:42:7-39
82            android:launchMode="singleTask"
82-->src/main/AndroidManifest.xml:44:7-38
83            android:screenOrientation="portrait"
83-->src/main/AndroidManifest.xml:47:7-43
84            android:theme="@style/Theme.App.SplashScreen"
84-->src/main/AndroidManifest.xml:46:7-52
85            android:windowSoftInputMode="adjustResize" >
85-->src/main/AndroidManifest.xml:45:7-49
86            <intent-filter>
86-->src/main/AndroidManifest.xml:49:7-52:23
87                <action android:name="android.intent.action.MAIN" />
87-->src/main/AndroidManifest.xml:50:9-60
87-->src/main/AndroidManifest.xml:50:17-58
88
89                <category android:name="android.intent.category.LAUNCHER" />
89-->src/main/AndroidManifest.xml:51:9-68
89-->src/main/AndroidManifest.xml:51:19-66
90            </intent-filter>
91            <intent-filter>
91-->src/main/AndroidManifest.xml:53:7-58:23
92                <action android:name="android.intent.action.VIEW" />
92-->src/main/AndroidManifest.xml:54:9-60
92-->src/main/AndroidManifest.xml:54:17-58
93
94                <category android:name="android.intent.category.DEFAULT" />
94-->src/main/AndroidManifest.xml:55:9-67
94-->src/main/AndroidManifest.xml:55:19-65
95                <category android:name="android.intent.category.BROWSABLE" />
95-->src/main/AndroidManifest.xml:56:9-69
95-->src/main/AndroidManifest.xml:56:19-67
96
97                <data android:scheme="com.example.kinujo" />
97-->src/main/AndroidManifest.xml:57:9-52
97-->src/main/AndroidManifest.xml:57:15-50
98            </intent-filter>
99        </activity>
100        <activity android:name="com.facebook.react.devsupport.DevSettingsActivity" />
100-->src/main/AndroidManifest.xml:60:5-81
100-->src/main/AndroidManifest.xml:60:15-79
101
102        <meta-data
102-->[:unimodules-react-native-adapter] AndroidManifest.xml:12:9-14:91
103            android:name="org.unimodules.core.AppLoader#react-native-headless"
103-->[:unimodules-react-native-adapter] AndroidManifest.xml:13:13-79
104            android:value="org.unimodules.adapters.react.apploader.RNHeadlessAppLoader" />
104-->[:unimodules-react-native-adapter] AndroidManifest.xml:14:13-88
105
106        <provider
106-->[:react-native-image-picker] AndroidManifest.xml:10:9-18:20
107            android:name="com.imagepicker.FileProvider"
107-->[:react-native-image-picker] AndroidManifest.xml:11:13-56
108            android:authorities="com.example.kinujo.provider"
108-->[:react-native-image-picker] AndroidManifest.xml:12:13-60
109            android:exported="false"
109-->[:react-native-image-picker] AndroidManifest.xml:13:13-37
110            android:grantUriPermissions="true" >
110-->[:react-native-image-picker] AndroidManifest.xml:14:13-47
111            <meta-data
111-->[:react-native-image-picker] AndroidManifest.xml:15:13-17:58
112                android:name="android.support.FILE_PROVIDER_PATHS"
112-->[:react-native-image-picker] AndroidManifest.xml:16:17-67
113                android:resource="@xml/provider_paths" />
113-->[:react-native-image-picker] AndroidManifest.xml:17:17-55
114        </provider>
115        <provider
115-->[:rn-fetch-blob] AndroidManifest.xml:36:9-44:20
116            android:name="com.RNFetchBlob.Utils.FileProvider"
116-->[:rn-fetch-blob] AndroidManifest.xml:37:13-62
117            android:authorities="com.example.kinujo.provider"
117-->[:rn-fetch-blob] AndroidManifest.xml:38:13-60
118            android:exported="false"
118-->[:rn-fetch-blob] AndroidManifest.xml:39:13-37
119            android:grantUriPermissions="true" >
119-->[:rn-fetch-blob] AndroidManifest.xml:40:13-47
120            <meta-data
120-->[:react-native-image-picker] AndroidManifest.xml:15:13-17:58
121                android:name="android.support.FILE_PROVIDER_PATHS"
121-->[:react-native-image-picker] AndroidManifest.xml:16:17-67
122                android:resource="@xml/provider_paths" />
122-->[:react-native-image-picker] AndroidManifest.xml:17:17-55
123        </provider>
124        <provider
124-->[:expo-file-system] AndroidManifest.xml:17:9-26:20
125            android:name="expo.modules.filesystem.FileSystemFileProvider"
125-->[:expo-file-system] AndroidManifest.xml:18:13-74
126            android:authorities="com.example.kinujo.FileSystemFileProvider"
126-->[:expo-file-system] AndroidManifest.xml:19:13-74
127            android:exported="false"
127-->[:expo-file-system] AndroidManifest.xml:20:13-37
128            android:grantUriPermissions="true" >
128-->[:expo-file-system] AndroidManifest.xml:21:13-47
129            <meta-data
129-->[:react-native-image-picker] AndroidManifest.xml:15:13-17:58
130                android:name="android.support.FILE_PROVIDER_PATHS"
130-->[:react-native-image-picker] AndroidManifest.xml:16:17-67
131                android:resource="@xml/file_system_provider_paths" />
131-->[:react-native-image-picker] AndroidManifest.xml:17:17-55
132        </provider>
133
134        <service
134-->[:expo-location] AndroidManifest.xml:17:9-19:40
135            android:name="expo.modules.location.services.LocationTaskService"
135-->[:expo-location] AndroidManifest.xml:18:13-78
136            android:exported="false" />
136-->[:expo-location] AndroidManifest.xml:19:13-37
137        <service
137-->[com.google.firebase:firebase-firestore:21.5.0] AndroidManifest.xml:17:9-23:19
138            android:name="com.google.firebase.components.ComponentDiscoveryService"
138-->[com.google.firebase:firebase-firestore:21.5.0] AndroidManifest.xml:18:13-84
139            android:directBootAware="true"
139-->[com.google.firebase:firebase-common:19.3.0] AndroidManifest.xml:34:13-43
140            android:exported="false" >
140-->[com.google.firebase:firebase-firestore:21.5.0] AndroidManifest.xml:19:13-37
141            <meta-data
141-->[com.google.firebase:firebase-firestore:21.5.0] AndroidManifest.xml:20:13-22:85
142                android:name="com.google.firebase.components:com.google.firebase.firestore.FirestoreRegistrar"
142-->[com.google.firebase:firebase-firestore:21.5.0] AndroidManifest.xml:21:17-111
143                android:value="com.google.firebase.components.ComponentRegistrar" />
143-->[com.google.firebase:firebase-firestore:21.5.0] AndroidManifest.xml:22:17-82
144            <meta-data
144-->[com.google.firebase:firebase-auth:19.3.2] AndroidManifest.xml:36:13-38:85
145                android:name="com.google.firebase.components:com.google.firebase.auth.FirebaseAuthRegistrar"
145-->[com.google.firebase:firebase-auth:19.3.2] AndroidManifest.xml:37:17-109
146                android:value="com.google.firebase.components.ComponentRegistrar" />
146-->[com.google.firebase:firebase-auth:19.3.2] AndroidManifest.xml:38:17-82
147            <meta-data
147-->[com.google.firebase:firebase-storage:19.1.1] AndroidManifest.xml:33:13-35:85
148                android:name="com.google.firebase.components:com.google.firebase.storage.StorageRegistrar"
148-->[com.google.firebase:firebase-storage:19.1.1] AndroidManifest.xml:34:17-107
149                android:value="com.google.firebase.components.ComponentRegistrar" />
149-->[com.google.firebase:firebase-storage:19.1.1] AndroidManifest.xml:35:17-82
150            <meta-data
150-->[com.google.firebase:firebase-dynamic-links:19.1.0] AndroidManifest.xml:9:13-11:85
151                android:name="com.google.firebase.components:com.google.firebase.dynamiclinks.internal.FirebaseDynamicLinkRegistrar"
151-->[com.google.firebase:firebase-dynamic-links:19.1.0] AndroidManifest.xml:10:17-133
152                android:value="com.google.firebase.components.ComponentRegistrar" />
152-->[com.google.firebase:firebase-dynamic-links:19.1.0] AndroidManifest.xml:11:17-82
153            <meta-data
153-->[com.google.android.gms:play-services-measurement-api:17.4.4] AndroidManifest.xml:30:13-32:85
154                android:name="com.google.firebase.components:com.google.firebase.analytics.connector.internal.AnalyticsConnectorRegistrar"
154-->[com.google.android.gms:play-services-measurement-api:17.4.4] AndroidManifest.xml:31:17-139
155                android:value="com.google.firebase.components.ComponentRegistrar" />
155-->[com.google.android.gms:play-services-measurement-api:17.4.4] AndroidManifest.xml:32:17-82
156            <meta-data
156-->[com.google.firebase:firebase-installations:16.3.2] AndroidManifest.xml:17:13-19:85
157                android:name="com.google.firebase.components:com.google.firebase.installations.FirebaseInstallationsRegistrar"
157-->[com.google.firebase:firebase-installations:16.3.2] AndroidManifest.xml:18:17-127
158                android:value="com.google.firebase.components.ComponentRegistrar" />
158-->[com.google.firebase:firebase-installations:16.3.2] AndroidManifest.xml:19:17-82
159        </service>
160
161        <activity
161-->[com.google.firebase:firebase-auth:19.3.2] AndroidManifest.xml:24:9-31:50
162            android:name="com.google.firebase.auth.internal.FederatedSignInActivity"
162-->[com.google.firebase:firebase-auth:19.3.2] AndroidManifest.xml:25:13-85
163            android:excludeFromRecents="true"
163-->[com.google.firebase:firebase-auth:19.3.2] AndroidManifest.xml:26:13-46
164            android:exported="true"
164-->[com.google.firebase:firebase-auth:19.3.2] AndroidManifest.xml:27:13-36
165            android:launchMode="singleTask"
165-->[com.google.firebase:firebase-auth:19.3.2] AndroidManifest.xml:28:13-44
166            android:permission="com.google.firebase.auth.api.gms.permission.LAUNCH_FEDERATED_SIGN_IN"
166-->[com.google.firebase:firebase-auth:19.3.2] AndroidManifest.xml:29:13-102
167            android:theme="@android:style/Theme.Translucent.NoTitleBar" />
167-->[com.google.firebase:firebase-auth:19.3.2] AndroidManifest.xml:30:13-72
168
169        <meta-data
169-->[com.github.bumptech.glide:okhttp3-integration:4.11.0] AndroidManifest.xml:11:9-13:43
170            android:name="com.bumptech.glide.integration.okhttp3.OkHttpGlideModule"
170-->[com.github.bumptech.glide:okhttp3-integration:4.11.0] AndroidManifest.xml:12:13-84
171            android:value="GlideModule" />
171-->[com.github.bumptech.glide:okhttp3-integration:4.11.0] AndroidManifest.xml:13:13-40
172
173        <activity
173-->[com.google.android.gms:play-services-auth:16.0.1] AndroidManifest.xml:23:9-27:75
174            android:name="com.google.android.gms.auth.api.signin.internal.SignInHubActivity"
174-->[com.google.android.gms:play-services-auth:16.0.1] AndroidManifest.xml:24:13-93
175            android:excludeFromRecents="true"
175-->[com.google.android.gms:play-services-auth:16.0.1] AndroidManifest.xml:25:13-46
176            android:exported="false"
176-->[com.google.android.gms:play-services-auth:16.0.1] AndroidManifest.xml:26:13-37
177            android:theme="@android:style/Theme.Translucent.NoTitleBar" />
177-->[com.google.android.gms:play-services-auth:16.0.1] AndroidManifest.xml:27:13-72
178        <!--
179            Service handling Google Sign-In user revocation. For apps that do not integrate with
180            Google Sign-In, this service will never be started.
181        -->
182        <service
182-->[com.google.android.gms:play-services-auth:16.0.1] AndroidManifest.xml:33:9-36:110
183            android:name="com.google.android.gms.auth.api.signin.RevocationBoundService"
183-->[com.google.android.gms:play-services-auth:16.0.1] AndroidManifest.xml:34:13-89
184            android:exported="true"
184-->[com.google.android.gms:play-services-auth:16.0.1] AndroidManifest.xml:35:13-36
185            android:permission="com.google.android.gms.auth.api.signin.permission.REVOCATION_NOTIFICATION" />
185-->[com.google.android.gms:play-services-auth:16.0.1] AndroidManifest.xml:36:13-107
186
187        <activity
187-->[com.google.android.gms:play-services-base:17.1.0] AndroidManifest.xml:23:9-26:75
188            android:name="com.google.android.gms.common.api.GoogleApiActivity"
188-->[com.google.android.gms:play-services-base:17.1.0] AndroidManifest.xml:24:13-79
189            android:exported="false"
189-->[com.google.android.gms:play-services-base:17.1.0] AndroidManifest.xml:25:13-37
190            android:theme="@android:style/Theme.Translucent.NoTitleBar" />
190-->[com.google.android.gms:play-services-base:17.1.0] AndroidManifest.xml:26:13-72
191
192        <provider
192-->[com.google.firebase:firebase-common:19.3.0] AndroidManifest.xml:26:9-30:39
193            android:name="com.google.firebase.provider.FirebaseInitProvider"
193-->[com.google.firebase:firebase-common:19.3.0] AndroidManifest.xml:27:13-77
194            android:authorities="com.example.kinujo.firebaseinitprovider"
194-->[com.google.firebase:firebase-common:19.3.0] AndroidManifest.xml:28:13-72
195            android:exported="false"
195-->[com.google.firebase:firebase-common:19.3.0] AndroidManifest.xml:29:13-37
196            android:initOrder="100" />
196-->[com.google.firebase:firebase-common:19.3.0] AndroidManifest.xml:30:13-36
197
198        <receiver
198-->[com.google.android.gms:play-services-measurement:17.4.4] AndroidManifest.xml:29:9-33:20
199            android:name="com.google.android.gms.measurement.AppMeasurementReceiver"
199-->[com.google.android.gms:play-services-measurement:17.4.4] AndroidManifest.xml:30:13-85
200            android:enabled="true"
200-->[com.google.android.gms:play-services-measurement:17.4.4] AndroidManifest.xml:31:13-35
201            android:exported="false" >
201-->[com.google.android.gms:play-services-measurement:17.4.4] AndroidManifest.xml:32:13-37
202        </receiver>
203
204        <service
204-->[com.google.android.gms:play-services-measurement:17.4.4] AndroidManifest.xml:35:9-38:40
205            android:name="com.google.android.gms.measurement.AppMeasurementService"
205-->[com.google.android.gms:play-services-measurement:17.4.4] AndroidManifest.xml:36:13-84
206            android:enabled="true"
206-->[com.google.android.gms:play-services-measurement:17.4.4] AndroidManifest.xml:37:13-35
207            android:exported="false" />
207-->[com.google.android.gms:play-services-measurement:17.4.4] AndroidManifest.xml:38:13-37
208        <service
208-->[com.google.android.gms:play-services-measurement:17.4.4] AndroidManifest.xml:39:9-43:72
209            android:name="com.google.android.gms.measurement.AppMeasurementJobService"
209-->[com.google.android.gms:play-services-measurement:17.4.4] AndroidManifest.xml:40:13-87
210            android:enabled="true"
210-->[com.google.android.gms:play-services-measurement:17.4.4] AndroidManifest.xml:41:13-35
211            android:exported="false"
211-->[com.google.android.gms:play-services-measurement:17.4.4] AndroidManifest.xml:42:13-37
212            android:permission="android.permission.BIND_JOB_SERVICE" />
212-->[com.google.android.gms:play-services-measurement:17.4.4] AndroidManifest.xml:43:13-69
213
214        <meta-data
214-->[com.google.android.gms:play-services-basement:17.0.0] AndroidManifest.xml:23:9-25:69
215            android:name="com.google.android.gms.version"
215-->[com.google.android.gms:play-services-basement:17.0.0] AndroidManifest.xml:24:13-58
216            android:value="@integer/google_play_services_version" />
216-->[com.google.android.gms:play-services-basement:17.0.0] AndroidManifest.xml:25:13-66
217
218        <service
218-->[androidx.room:room-runtime:2.1.0] AndroidManifest.xml:25:9-27:40
219            android:name="androidx.room.MultiInstanceInvalidationService"
219-->[androidx.room:room-runtime:2.1.0] AndroidManifest.xml:26:13-74
220            android:exported="false" />
220-->[androidx.room:room-runtime:2.1.0] AndroidManifest.xml:27:13-37
221        <service
221-->[io.nlopez.smartlocation:library:3.2.11] AndroidManifest.xml:19:9-21:40
222            android:name="io.nlopez.smartlocation.activity.providers.ActivityGooglePlayServicesProvider$ActivityRecognitionService"
222-->[io.nlopez.smartlocation:library:3.2.11] AndroidManifest.xml:20:13-132
223            android:exported="false" />
223-->[io.nlopez.smartlocation:library:3.2.11] AndroidManifest.xml:21:13-37
224        <service
224-->[io.nlopez.smartlocation:library:3.2.11] AndroidManifest.xml:22:9-24:40
225            android:name="io.nlopez.smartlocation.geofencing.providers.GeofencingGooglePlayServicesProvider$GeofencingService"
225-->[io.nlopez.smartlocation:library:3.2.11] AndroidManifest.xml:23:13-127
226            android:exported="false" />
226-->[io.nlopez.smartlocation:library:3.2.11] AndroidManifest.xml:24:13-37
227        <service
227-->[io.nlopez.smartlocation:library:3.2.11] AndroidManifest.xml:25:9-27:40
228            android:name="io.nlopez.smartlocation.geocoding.providers.AndroidGeocodingProvider$AndroidGeocodingService"
228-->[io.nlopez.smartlocation:library:3.2.11] AndroidManifest.xml:26:13-120
229            android:exported="false" />
229-->[io.nlopez.smartlocation:library:3.2.11] AndroidManifest.xml:27:13-37
230    </application>
231
232</manifest>